[    0.000000] Linux version 4.15.0-88-generic (buildd@lgw01-amd64-036) (gcc version 7.4.0 (Ubuntu 7.4.0-1ubuntu1~18.04.1)) #88-Ubuntu SMP Tue Feb 11 20:11:34 UTC 2020 (Ubuntu 4.15.0-88.88-generic 4.15.18)
[    0.000000] Command line: BOOT_IMAGE=/boot/vmlinuz-4.15.0-88-generic root=LABEL=cloudimg-rootfs ro console=tty1 console=ttyS0
[    0.000000] KERNEL supported cpus:
[    0.000000]   Intel GenuineIntel
[    0.000000]   AMD AuthenticAMD
[    0.000000]   Centaur CentaurHauls
[    0.000000] x86/fpu: Supporting XSAVE feature 0x001: 'x87 floating point registers'
[    0.000000] x86/fpu: Supporting XSAVE feature 0x002: 'SSE registers'
[    0.000000] x86/fpu: Supporting XSAVE feature 0x004: 'AVX registers'
[    0.000000] x86/fpu: xstate_offset[2]:  576, xstate_sizes[2]:  256
[    0.000000] x86/fpu: Enabled xstate features 0x7, context size is 832 bytes, using 'standard' format.
[    0.000000] e820: BIOS-provided physical RAM map:
[    0.000000] BIOS-e820: [mem 0x0000000000000000-0x000000000009fbff] usable
[    0.000000] BIOS-e820: [mem 0x000000000009fc00-0x000000000009ffff] reserved
[    0.000000] BIOS-e820: [mem 0x00000000000f0000-0x00000000000fffff] reserved
[    0.000000] BIOS-e820: [mem 0x0000000000100000-0x000000003ffeffff] usable
[    0.000000] BIOS-e820: [mem 0x000000003fff0000-0x000000003fffffff] ACPI data
[    0.000000] BIOS-e820: [mem 0x00000000fec00000-0x00000000fec00fff] reserved
[    0.000000] BIOS-e820: [mem 0x00000000fee00000-0x00000000fee00fff] reserved
[    0.000000] BIOS-e820: [mem 0x00000000fffc0000-0x00000000ffffffff] reserved
[    0.000000] NX (Execute Disable) protection: active
[    0.000000] SMBIOS 2.5 present.
[    0.000000] DMI: innotek GmbH VirtualBox/VirtualBox, BIOS VirtualBox 12/01/2006
[    0.000000] Hypervisor detected: KVM
[    0.000000] e820: last_pfn = 0x3fff0 max_arch_pfn = 0x400000000
[    0.000000] MTRR: Disabled
[    0.000000] x86/PAT: MTRRs disabled, skipping PAT initialization too.
[    0.000000] CPU MTRRs all blank - virtualized system.
[    0.000000] x86/PAT: Configuration [0-7]: WB  WT  UC- UC  WB  WT  UC- UC  
[    0.000000] found SMP MP-table at [mem 0x0009fff0-0x0009ffff]
[    0.000000] Scanning 1 areas for low memory corruption
[    0.000000] RAMDISK: [mem 0x35a6d000-0x36d2dfff]
[    0.000000] ACPI: Early table checksum verification disabled
[    0.000000] ACPI: RSDP 0x00000000000E0000 000024 (v02 VBOX  )
[    0.000000] ACPI: XSDT 0x000000003FFF0030 00003C (v01 VBOX   VBOXXSDT 00000001 ASL  00000061)
[    0.000000] ACPI: FACP 0x000000003FFF00F0 0000F4 (v04 VBOX   VBOXFACP 00000001 ASL  00000061)
[    0.000000] ACPI: DSDT 0x000000003FFF0470 002325 (v02 VBOX   VBOXBIOS 00000002 INTL 20100528)
[    0.000000] ACPI: FACS 0x000000003FFF0200 000040
[    0.000000] ACPI: FACS 0x000000003FFF0200 000040
[    0.000000] ACPI: APIC 0x000000003FFF0240 00005C (v02 VBOX   VBOXAPIC 00000001 ASL  00000061)
[    0.000000] ACPI: SSDT 0x000000003FFF02A0 0001CC (v01 VBOX   VBOXCPUT 00000002 INTL 20100528)
[    0.000000] No NUMA configuration found
[    0.000000] Faking a node at [mem 0x0000000000000000-0x000000003ffeffff]
[    0.000000] NODE_DATA(0) allocated [mem 0x3ffc5000-0x3ffeffff]
[    0.000000] kvm-clock: cpu 0, msr 0:3ff44001, primary cpu clock
[    0.000000] kvm-clock: Using msrs 4b564d01 and 4b564d00
[    0.000000] kvm-clock: using sched offset of 9398882190 cycles
[    0.000000] clocksource: kvm-clock: mask: 0xffffffffffffffff max_cycles: 0x1cd42e4dffb, max_idle_ns: 881590591483 ns
[    0.000000] Zone ranges:
[    0.000000]   DMA      [mem 0x0000000000001000-0x0000000000ffffff]
[    0.000000]   DMA32    [mem 0x0000000001000000-0x000000003ffeffff]
[    0.000000]   Normal   empty
[    0.000000]   Device   empty
[    0.000000] Movable zone start for each node
[    0.000000] Early memory node ranges
[    0.000000]   node   0: [mem 0x0000000000001000-0x000000000009efff]
[    0.000000]   node   0: [mem 0x0000000000100000-0x000000003ffeffff]
[    0.000000] Reserved but unavailable: 98 pages
[    0.000000] Initmem setup node 0 [mem 0x0000000000001000-0x000000003ffeffff]
[    0.000000] ACPI: PM-Timer IO Port: 0x4008
[    0.000000] IOAPIC[0]: apic_id 2, version 32, address 0xfec00000, GSI 0-23
[    0.000000] ACPI: INT_SRC_OVR (bus 0 bus_irq 0 global_irq 2 dfl dfl)
[    0.000000] ACPI: INT_SRC_OVR (bus 0 bus_irq 9 global_irq 9 low level)
[    0.000000] Using ACPI (MADT) for SMP configuration information
[    0.000000] smpboot: Allowing 2 CPUs, 0 hotplug CPUs
[    0.000000] PM: Registered nosave memory: [mem 0x00000000-0x00000fff]
[    0.000000] PM: Registered nosave memory: [mem 0x0009f000-0x0009ffff]
[    0.000000] PM: Registered nosave memory: [mem 0x000a0000-0x000effff]
[    0.000000] PM: Registered nosave memory: [mem 0x000f0000-0x000fffff]
[    0.000000] e820: [mem 0x40000000-0xfebfffff] available for PCI devices
[    0.000000] Booting paravirtualized kernel on KVM
[    0.000000] clocksource: refined-jiffies: mask: 0xffffffff max_cycles: 0xffffffff, max_idle_ns: 7645519600211568 ns
[    0.000000] random: get_random_bytes called from start_kernel+0x99/0x4fd with crng_init=0
[    0.000000] setup_percpu: NR_CPUS:8192 nr_cpumask_bits:2 nr_cpu_ids:2 nr_node_ids:1
[    0.000000] percpu: Embedded 45 pages/cpu s147456 r8192 d28672 u1048576
[    0.000000] PV qspinlock hash table entries: 256 (order: 0, 4096 bytes)
[    0.000000] Built 1 zonelists, mobility grouping on.  Total pages: 257913
[    0.000000] Policy zone: DMA32
[    0.000000] Kernel command line: BOOT_IMAGE=/boot/vmlinuz-4.15.0-88-generic root=LABEL=cloudimg-rootfs ro console=tty1 console=ttyS0
[    0.000000] Memory: 983068K/1048120K available (12300K kernel code, 2481K rwdata, 4264K rodata, 2428K init, 2712K bss, 65052K reserved, 0K cma-reserved)
[    0.000000] SLUB: HWalign=64, Order=0-3, MinObjects=0, CPUs=2, Nodes=1
[    0.000000] Kernel/User page tables isolation: enabled
[    0.000000] ftrace: allocating 39344 entries in 154 pages
[    0.004000] Hierarchical RCU implementation.
[    0.004000] 	RCU restricting CPUs from NR_CPUS=8192 to nr_cpu_ids=2.
[    0.004000] 	Tasks RCU enabled.
[    0.004000] RCU: Adjusting geometry for rcu_fanout_leaf=16, nr_cpu_ids=2
[    0.004000] NR_IRQS: 524544, nr_irqs: 440, preallocated irqs: 16
[    0.004000] Console: colour VGA+ 80x25
[    0.004000] console [tty1] enabled
[    0.004000] console [ttyS0] enabled
[    0.004000] ACPI: Core revision 20170831
[    0.004000] ACPI: 2 ACPI AML tables successfully acquired and loaded
[    0.004000] APIC: Switch to symmetric I/O mode setup
[    0.004000] x2apic enabled
[    0.004012] Switched APIC routing to physical x2apic.
[    0.012000] ..TIMER: vector=0x30 apic1=0 pin1=2 apic2=-1 pin2=-1
[    0.016006] tsc: Detected 1599.999 MHz processor
[    0.019270] Calibrating delay loop (skipped) preset value.. 3199.99 BogoMIPS (lpj=6399996)
[    0.020008] pid_max: default: 32768 minimum: 301
[    0.022603] Security Framework initialized
[    0.024009] Yama: becoming mindful.
[    0.026432] AppArmor: AppArmor initialized
[    0.032071] Dentry cache hash table entries: 131072 (order: 8, 1048576 bytes)
[    0.036449] Inode-cache hash table entries: 65536 (order: 7, 524288 bytes)
[    0.040036] Mount-cache hash table entries: 2048 (order: 2, 16384 bytes)
[    0.044020] Mountpoint-cache hash table entries: 2048 (order: 2, 16384 bytes)
[    0.048832] Last level iTLB entries: 4KB 64, 2MB 8, 4MB 8
[    0.052011] Last level dTLB entries: 4KB 64, 2MB 0, 4MB 0, 1GB 4
[    0.056007] Spectre V1 : Mitigation: usercopy/swapgs barriers and __user pointer sanitization
[    0.060035] Spectre V2 : Mitigation: Full generic retpoline
[    0.064034] Spectre V2 : Spectre v2 / SpectreRSB mitigation: Filling RSB on context switch
[    0.068008] Speculative Store Bypass: Vulnerable
[    0.072060] MDS: Mitigation: Clear CPU buffers
[    0.075638] Freeing SMP alternatives memory: 36K
[    0.188607] smpboot: CPU0: Intel(R) Core(TM) i5-5250U CPU @ 1.60GHz (family: 0x6, model: 0x3d, stepping: 0x4)
[    0.192322] Performance Events: unsupported p6 CPU model 61 no PMU driver, software events only.
[    0.196227] Hierarchical SRCU implementation.
[    0.200803] NMI watchdog: Perf event create on CPU 0 failed with -2
[    0.202931] NMI watchdog: Perf NMI watchdog permanently disabled
[    0.204075] smp: Bringing up secondary CPUs ...
[    0.206034] x86: Booting SMP configuration:
[    0.208005] .... node  #0, CPUs:      #1
[    0.004000] kvm-clock: cpu 1, msr 0:3ff44041, secondary cpu clock
[    0.216035] smp: Brought up 1 node, 2 CPUs
[    0.217612] smpboot: Max logical packages: 1
[    0.219034] smpboot: Total of 2 processors activated (6399.99 BogoMIPS)
[    0.220160] devtmpfs: initialized
[    0.221209] x86/mm: Memory block size: 128MB
[    0.224183] evm: security.selinux
[    0.225258] evm: security.SMACK64
[    0.226419] evm: security.SMACK64EXEC
[    0.228005] evm: security.SMACK64TRANSMUTE
[    0.229164] evm: security.SMACK64MMAP
[    0.230217] evm: security.apparmor
[    0.231306] evm: security.ima
[    0.232003] evm: security.capability
[    0.233241] clocksource: jiffies: mask: 0xffffffff max_cycles: 0xffffffff, max_idle_ns: 7645041785100000 ns
[    0.236022] futex hash table entries: 512 (order: 3, 32768 bytes)
[    0.240034] pinctrl core: initialized pinctrl subsystem
[    0.241693] RTC time: 14:24:17, date: 06/17/20
[    0.244211] NET: Registered protocol family 16
[    0.245545] audit: initializing netlink subsys (disabled)
[    0.247110] audit: type=2000 audit(1592403868.242:1): state=initialized audit_enabled=0 res=1
[    0.248019] cpuidle: using governor ladder
[    0.249434] cpuidle: using governor menu
[    0.252059] ACPI: bus type PCI registered
[    0.253196] acpiphp: ACPI Hot Plug PCI Controller Driver version: 0.5
[    0.256147] PCI: Using configuration type 1 for base access
[    0.260071] HugeTLB registered 2.00 MiB page size, pre-allocated 0 pages
[    0.264152] ACPI: Added _OSI(Module Device)
[    0.265464] ACPI: Added _OSI(Processor Device)
[    0.266996] ACPI: Added _OSI(3.0 _SCP Extensions)
[    0.268014] ACPI: Added _OSI(Processor Aggregator Device)
[    0.269509] ACPI: Added _OSI(Linux-Dell-Video)
[    0.270748] ACPI: Added _OSI(Linux-Lenovo-NV-HDMI-Audio)
[    0.272004] ACPI: Added _OSI(Linux-HPI-Hybrid-Graphics)
[    0.274068] ACPI: Executed 1 blocks of module-level executable AML code
[    0.281351] ACPI: Interpreter enabled
[    0.282493] ACPI: (supports S0 S5)
[    0.283564] ACPI: Using IOAPIC for interrupt routing
[    0.284366] PCI: Using host bridge windows from ACPI; if necessary, use "pci=nocrs" and report a bug
[    0.288285] ACPI: Enabled 2 GPEs in block 00 to 07
[    0.301425] ACPI: PCI Root Bridge [PCI0] (domain 0000 [bus 00-ff])
[    0.303387] acpi PNP0A03:00: _OSC: OS supports [ASPM ClockPM Segments MSI]
[    0.304546] acpi PNP0A03:00: _OSC: not requesting OS control; OS requires [ExtendedConfig ASPM ClockPM MSI]
[    0.308025] acpi PNP0A03:00: fail to add MMCONFIG information, can't access extended PCI configuration space under this bridge.
[    0.312757] PCI host bridge to bus 0000:00
[    0.316006] pci_bus 0000:00: root bus resource [io  0x0000-0x0cf7 window]
[    0.318231] pci_bus 0000:00: root bus resource [io  0x0d00-0xffff window]
[    0.320006] pci_bus 0000:00: root bus resource [mem 0x000a0000-0x000bffff window]
[    0.322218] pci_bus 0000:00: root bus resource [mem 0x40000000-0xfdffffff window]
[    0.324011] pci_bus 0000:00: root bus resource [bus 00-ff]
[    0.332103] pci 0000:00:01.1: legacy IDE quirk: reg 0x10: [io  0x01f0-0x01f7]
[    0.334334] pci 0000:00:01.1: legacy IDE quirk: reg 0x14: [io  0x03f6]
[    0.336012] pci 0000:00:01.1: legacy IDE quirk: reg 0x18: [io  0x0170-0x0177]
[    0.340011] pci 0000:00:01.1: legacy IDE quirk: reg 0x1c: [io  0x0376]
[    0.370125] pci 0000:00:07.0: quirk: [io  0x4000-0x403f] claimed by PIIX4 ACPI
[    0.372026] pci 0000:00:07.0: quirk: [io  0x4100-0x410f] claimed by PIIX4 SMB
[    0.384878] ACPI: PCI Interrupt Link [LNKA] (IRQs 5 9 10 *11)
[    0.387362] ACPI: PCI Interrupt Link [LNKB] (IRQs 5 9 *10 11)
[    0.388182] ACPI: PCI Interrupt Link [LNKC] (IRQs 5 *9 10 11)
[    0.389921] ACPI: PCI Interrupt Link [LNKD] (IRQs 5 9 10 *11)
[    0.392541] SCSI subsystem initialized
[    0.393682] pci 0000:00:02.0: vgaarb: setting as boot VGA device
[    0.393885] pci 0000:00:02.0: vgaarb: VGA device added: decodes=io+mem,owns=io+mem,locks=none
[    0.396006] pci 0000:00:02.0: vgaarb: bridge control possible
[    0.400008] vgaarb: loaded
[    0.401111] ACPI: bus type USB registered
[    0.404031] usbcore: registered new interface driver usbfs
[    0.405878] usbcore: registered new interface driver hub
[    0.408038] usbcore: registered new device driver usb
[    0.409769] EDAC MC: Ver: 3.0.0
[    0.409769] PCI: Using ACPI for IRQ routing
[    0.412474] NetLabel: Initializing
[    0.413710] NetLabel:  domain hash size = 128
[    0.414941] NetLabel:  protocols = UNLABELED CIPSOv4 CALIPSO
[    0.416023] NetLabel:  unlabeled traffic allowed by default
[    0.417722] clocksource: Switched to clocksource kvm-clock
[    0.434692] VFS: Disk quotas dquot_6.6.0
[    0.436221] VFS: Dquot-cache hash table entries: 512 (order 0, 4096 bytes)
[    0.438578] AppArmor: AppArmor Filesystem Enabled
[    0.440074] pnp: PnP ACPI init
[    0.442982] pnp: PnP ACPI: found 3 devices
[    0.457248] clocksource: acpi_pm: mask: 0xffffff max_cycles: 0xffffff, max_idle_ns: 2085701024 ns
[    0.459849] NET: Registered protocol family 2
[    0.461344] TCP established hash table entries: 8192 (order: 4, 65536 bytes)
[    0.463367] TCP bind hash table entries: 8192 (order: 5, 131072 bytes)
[    0.467251] TCP: Hash tables configured (established 8192 bind 8192)
[    0.470320] UDP hash table entries: 512 (order: 2, 16384 bytes)
[    0.472963] UDP-Lite hash table entries: 512 (order: 2, 16384 bytes)
[    0.475436] NET: Registered protocol family 1
[    0.476942] pci 0000:00:00.0: Limiting direct PCI/PCI transfers
[    0.478612] pci 0000:00:01.0: Activating ISA DMA hang workarounds
[    0.480390] pci 0000:00:02.0: Video device with shadowed ROM at [mem 0x000c0000-0x000dffff]
[    0.483098] Unpacking initramfs...
[    0.849726] Freeing initrd memory: 19204K
[    0.851260] clocksource: tsc: mask: 0xffffffffffffffff max_cycles: 0x171023f09ff, max_idle_ns: 440795233615 ns
[    0.854856] platform rtc_cmos: registered platform RTC device (no PNP device found)
[    0.857057] Scanning for low memory corruption every 60 seconds
[    0.859627] Initialise system trusted keyrings
[    0.861210] Key type blacklist registered
[    0.862782] workingset: timestamp_bits=36 max_order=18 bucket_order=0
[    0.865848] zbud: loaded
[    0.867260] squashfs: version 4.0 (2009/01/31) Phillip Lougher
[    0.869229] fuse init (API version 7.26)
[    0.874701] Key type asymmetric registered
[    0.875943] Asymmetric key parser 'x509' registered
[    0.877477] Block layer SCSI generic (bsg) driver version 0.4 loaded (major 246)
[    0.879790] io scheduler noop registered
[    0.881145] io scheduler deadline registered
[    0.882407] io scheduler cfq registered (default)
[    0.884428] ACPI: AC Adapter [AC] (off-line)
[    0.886110] input: Power Button as /devices/LNXSYSTM:00/LNXPWRBN:00/input/input0
[    0.888419] ACPI: Power Button [PWRF]
[    0.889606] input: Sleep Button as /devices/LNXSYSTM:00/LNXSLPBN:00/input/input1
[    0.891657] ACPI: Sleep Button [SLPF]
[    0.895384] ACPI: Battery Slot [BAT0] (battery present)
[    0.896280] Serial: 8250/16550 driver, 32 ports, IRQ sharing enabled
[    0.920495] 00:02: ttyS0 at I/O 0x3f8 (irq = 4, base_baud = 115200) is a 16550A
[    0.925205] Linux agpgart interface v0.103
[    0.928187] loop: module loaded
[    0.929890] scsi host0: ata_piix
[    0.931198] scsi host1: ata_piix
[    0.932661] ata1: PATA max UDMA/33 cmd 0x1f0 ctl 0x3f6 bmdma 0xd000 irq 14
[    0.934768] ata2: PATA max UDMA/33 cmd 0x170 ctl 0x376 bmdma 0xd008 irq 15
[    0.936868] libphy: Fixed MDIO Bus: probed
[    0.938170] tun: Universal TUN/TAP device driver, 1.6
[    0.939651] PPP generic driver version 2.4.2
[    0.941114] ehci_hcd: USB 2.0 'Enhanced' Host Controller (EHCI) Driver
[    0.942930] ehci-pci: EHCI PCI platform driver
[    0.944194] ehci-platform: EHCI generic platform driver
[    0.946021] ohci_hcd: USB 1.1 'Open' Host Controller (OHCI) Driver
[    0.947796] ohci-pci: OHCI PCI platform driver
[    0.949497] ohci-platform: OHCI generic platform driver
[    0.951046] uhci_hcd: USB Universal Host Controller Interface driver
[    0.952968] i8042: PNP: PS/2 Controller [PNP0303:PS2K,PNP0f03:PS2M] at 0x60,0x64 irq 1,12
[    0.956592] serio: i8042 KBD port at 0x60,0x64 irq 1
[    0.958667] serio: i8042 AUX port at 0x60,0x64 irq 12
[    0.961320] mousedev: PS/2 mouse device common for all mice
[    0.963660] input: AT Translated Set 2 keyboard as /devices/platform/i8042/serio0/input/input2
[    0.967679] rtc_cmos rtc_cmos: rtc core: registered rtc_cmos as rtc0
[    0.969923] rtc_cmos rtc_cmos: alarms up to one day, 114 bytes nvram
[    0.972111] i2c /dev entries driver
[    0.973356] device-mapper: uevent: version 1.0.3
[    0.974985] device-mapper: ioctl: 4.37.0-ioctl (2017-09-20) initialised: dm-devel@redhat.com
[    0.977569] ledtrig-cpu: registered to indicate activity on CPUs
[    0.980706] NET: Registered protocol family 10
[    0.987448] Segment Routing with IPv6
[    0.988781] NET: Registered protocol family 17
[    0.990451] Key type dns_resolver registered
[    0.992000] mce: Using 0 MCE banks
[    0.993269] RAS: Correctable Errors collector initialized.
[    0.995401] sched_clock: Marking stable (993243677, 0)->(1301784767, -308541090)
[    0.998686] registered taskstats version 1
[    0.999869] Loading compiled-in X.509 certificates
[    1.004788] Loaded X.509 cert 'Build time autogenerated kernel key: f0020782f0d3a548186fb3f47aed88387a71e859'
[    1.007597] zswap: loaded using pool lzo/zbud
[    1.015083] Key type big_key registered
[    1.016471] Key type trusted registered
[    1.020229] Key type encrypted registered
[    1.021592] AppArmor: AppArmor sha1 policy hashing enabled
[    1.023271] ima: No TPM chip found, activating TPM-bypass! (rc=-19)
[    1.025641] ima: Allocated hash algorithm: sha1
[    1.026956] evm: HMAC attrs: 0x1
[    1.028461]   Magic number: 8:137:435
[    1.029791] rtc_cmos rtc_cmos: setting system clock to 2020-06-17 14:24:18 UTC (1592403858)
[    1.032279] BIOS EDD facility v0.16 2004-Jun-25, 0 devices found
[    1.034046] EDD information not available.
[    1.222046] Freeing unused kernel image memory: 2428K
[    1.285421] Write protecting the kernel read-only data: 20480k
[    1.288592] Freeing unused kernel image memory: 2008K
[    1.290747] Freeing unused kernel image memory: 1880K
[    1.300063] x86/mm: Checked W+X mappings: passed, no W+X pages found.
[    1.302247] x86/mm: Checking user space page tables
[    1.311510] x86/mm: Checked W+X mappings: passed, no W+X pages found.
Loading, please wait...
starting version 237
[    1.419448] e1000: Intel(R) PRO/1000 Network Driver - version 7.3.21-k8-NAPI
[    1.422514] e1000: Copyright (c) 1999-2006 Intel Corporation.
[    1.453145] Fusion MPT base driver 3.04.20
[    1.457185] Copyright (c) 1999-2008 LSI Corporation
[    1.473528] AVX2 version of gcm_enc/dec engaged.
[    1.476641] AES CTR mode by8 optimization enabled
[    1.497447] Fusion MPT SPI Host driver 3.04.20
[    1.704530] input: ImExPS/2 Generic Explorer Mouse as /devices/platform/i8042/serio1/input/input4
[    1.923772] e1000 0000:00:03.0 eth0: (PCI:33MHz:32-bit) 02:63:41:f1:0e:ed
[    1.926466] e1000 0000:00:03.0 eth0: Intel(R) PRO/1000 Network Connection
[    1.930059] mptbase: ioc0: Initiating bringup
[    1.933352] e1000 0000:00:03.0 enp0s3: renamed from eth0
[    2.456834] ioc0: LSI53C1030 A0: Capabilities={Initiator}
[    4.441787] scsi host2: ioc0: LSI53C1030 A0, FwRev=00000000h, Ports=1, MaxQ=256, IRQ=20
[    6.177246] scsi 2:0:0:0: Direct-Access     VBOX     HARDDISK         1.0  PQ: 0 ANSI: 5
[    6.520210] scsi target2:0:0: Beginning Domain Validation
[    6.525825] scsi target2:0:0: Domain Validation skipping write tests
[    6.529601] scsi target2:0:0: Ending Domain Validation
[    6.532978] scsi target2:0:0: asynchronous
[    6.536769] scsi 2:0:1:0: Direct-Access     VBOX     HARDDISK         1.0  PQ: 0 ANSI: 5
[    7.324917] scsi target2:0:1: Beginning Domain Validation
[    7.327512] random: fast init done
[    7.330621] scsi target2:0:1: Domain Validation skipping write tests
[    7.332579] scsi target2:0:1: Ending Domain Validation
[    7.334986] scsi target2:0:1: asynchronous
[    7.341307] random: systemd-udevd: uninitialized urandom read (16 bytes read)
[    7.343869] random: systemd-udevd: uninitialized urandom read (16 bytes read)
[    7.346326] random: systemd-udevd: uninitialized urandom read (16 bytes read)
[    7.348935] sd 2:0:0:0: Attached scsi generic sg0 type 0
[    7.350669] sd 2:0:0:0: [sda] 20971520 512-byte logical blocks: (10.7 GB/10.0 GiB)
[    7.353233] sd 2:0:0:0: [sda] Write Protect is off
[    7.355339] sd 2:0:0:0: [sda] Incomplete mode parameter data
[    7.357103] sd 2:0:0:0: [sda] Assuming drive cache: write through
[    7.357579] sd 2:0:1:0: Attached scsi generic sg1 type 0
[    7.363232] sd 2:0:1:0: [sdb] 20480 512-byte logical blocks: (10.5 MB/10.0 MiB)
[    7.369868] sd 2:0:1:0: [sdb] Write Protect is off
[    7.372232] sd 2:0:1:0: [sdb] Incomplete mode parameter data
[    7.374265] sd 2:0:1:0: [sdb] Assuming drive cache: write through
[    7.379215]  sda: sda1
[    7.380891] sd 2:0:1:0: [sdb] Attached SCSI disk
[    7.383665] sd 2:0:0:0: [sda] Attached SCSI disk
Begin: Loading essential drivers ... [    8.972273] raid6: sse2x1   gen()  8174 MB/s
[    9.020080] raid6: sse2x1   xor()  5636 MB/s
[    9.068098] raid6: sse2x2   gen()  9208 MB/s
[    9.119640] raid6: sse2x2   xor()  4297 MB/s
[    9.168179] raid6: sse2x4   gen()  4741 MB/s
[    9.220520] raid6: sse2x4   xor()  4278 MB/s
[    9.268108] raid6: avx2x1   gen() 14331 MB/s
[    9.316307] raid6: avx2x1   xor() 10177 MB/s
[    9.364165] raid6: avx2x2   gen() 16810 MB/s
[    9.412133] raid6: avx2x2   xor()  9515 MB/s
[    9.460255] raid6: avx2x4   gen() 20897 MB/s
[    9.508197] raid6: avx2x4   xor() 13125 MB/s
[    9.509695] raid6: using algorithm avx2x4 gen() 20897 MB/s
[    9.511477] raid6: .... xor() 13125 MB/s, rmw enabled
[    9.513077] raid6: using avx2x2 recovery algorithm
[    9.516520] xor: automatically using best checksumming function   avx       
[    9.520578] async_tx: api initialized (async)
done.
Begin: Running /scripts/init-premount ... done.
Begin: Mounting root file system ... Begin: Running /scripts/local-top ... done.
Begin: Running /scripts/local-premount ... [    9.584304] Btrfs loaded, crc32c=crc32c-intel
Scanning for Btrfs filesystems
done.
Warning: fsck not present, so skipping root file system
[    9.672020] EXT4-fs (sda1): mounted filesystem with ordered data mode. Opts: (null)
done.
Begin: Running /scripts/local-bottom ... done.
Begin: Running /scripts/init-bottom ... done.
[   10.312915] ip_tables: (C) 2000-2006 Netfilter Core Team
[   10.368743] systemd[1]: systemd 237 running in system mode. (+PAM +AUDIT +SELINUX +IMA +APPARMOR +SMACK +SYSVINIT +UTMP +LIBCRYPTSETUP +GCRYPT +GNUTLS +ACL +XZ +LZ4 +SECCOMP +BLKID +ELFUTILS +KMOD -IDN2 +IDN -PCRE2 default-hierarchy=hybrid)
[   10.381534] systemd[1]: Detected virtualization oracle.
[   10.386684] systemd[1]: Detected architecture x86-64.

Welcome to [1mUbuntu 18.04.4 LTS[0m!

[   10.405733] systemd[1]: Set hostname to <ubuntu>.
[   10.428269] systemd[1]: Initializing machine ID from random generator.
[   10.430873] systemd[1]: Installed transient /etc/machine-id file.
[   11.566776] systemd[1]: Created slice System Slice.
[[0;32m  OK  [0m] Created slice System Slice.
[   11.570456] systemd[1]: Listening on Journal Socket.
[[0;32m  OK  [0m] Listening on Journal Socket.
[   11.576567] systemd[1]: Mounting Kernel Debug File System...
         Mounting Kernel Debug File System...
[   11.582189] systemd[1]: Mounting POSIX Message Queue File System...
         Mounting POSIX Message Queue File System...
[[0;32m  OK  [0m] Listening on udev Control Socket.
[[0;32m  OK  [0m] Listening on /dev/initctl Compatibility Named Pipe.
[[0;32m  OK  [0m] Listening on Syslog Socket.
[[0;32m  OK  [0m] Listening on Device-mapper event daemon FIFOs.
         Starting Uncomplicated firewall...
[[0;32m  OK  [0m] Listening on LVM2 poll daemon socket.
         Starting Set the console keyboard layout...
[[0;32m  OK  [0m] Listening on Journal Audit Socket.
[[0;32m  OK  [0m] Listening on Network Service Netlink Socket.
[[0;32m  OK  [0m] Created slice system-serial\x2dgetty.slice.
[[0;32m  OK  [0m] Listening on udev Kernel Socket.
         Starting udev Coldplug all Devices...
[[0;32m  OK  [0m] Listening on Journal Socket (/dev/log).
         Starting Journal Service...
[[0;32m  OK  [0m] Reached target System Time Synchronized.
[[0;32m  OK  [0m] Started Forward Password Requests to Wall Directory Watch.
[[0;32m  OK  [0m] Listening on LVM2 metadata daemon socket.
         Starting Monitoring of LVM2 mirrors…ng dmeventd or progress polling...
         Starting Remount Root and Kernel File Systems...
[[0;32m  OK  [0m] Created slice User and Session Slice.
[[0;32m  OK  [0m] Reached target Slices.
[[0;32m  OK  [0m] Reached target Swap.
         Mounting Huge Pages File System...
         Starting Create list of required st…ce nodes for the current kernel...
[[0;32m  OK  [0m] Reached target User and Group Name Lookups.
[[0;32m  OK  [0m] Set up automount Arbitrary Executab…rmats File System Automount Point.
         Starting Load Kernel Modules...
[[0;32m  OK  [0m] Started Journal Service.
[[0;32m  OK  [0m] Mounted Kernel Debug File System.
[   11.826159] EXT4-fs (sda1): re-mounted. Opts: (null)
[[0;32m  OK  [0m] Mounted POSIX Message Queue File System.
[[0;32m  OK  [0m] Started Uncomplicated firewall.
[[0;32m  OK  [0m] Started Remount Root and Kernel File Systems.
[[0;32m  OK  [0m] Mounted Huge Pages File System.
[[0;32m  OK  [0m] Started Create list of required sta…vice nodes for the current kernel.
         Starting Create Static Device Nodes in /dev...
         Starting Load/Save Random Seed...
         Starting Flush Journal to Persistent Storage...
[[0;32m  OK  [0m] Started udev Coldplug all Devices.
[[0;32m  OK  [0m] Started LVM2 metadata daemon.
[   11.991067] Loading iSCSI transport class v2.0-870.
[   12.005899] iscsi: registered transport (tcp)
[[0;32m  OK  [0m] Started Load/Save Random Seed.
[   12.064606] systemd-journald[391]: Received request to flush runtime journal from PID 1
[   12.139110] iscsi: registered transport (iser)
[[0;32m  OK  [0m] Started Load Kernel Modules.
         Starting Apply Kernel Variables...
         Mounting Kernel Configuration File System...
         Mounting FUSE Control File System...
[[0;32m  OK  [0m] Started Set the console keyboard layout.
[[0;32m  OK  [0m] Started Create Static Device Nodes in /dev.
[[0;32m  OK  [0m] Mounted Kernel Configuration File System.
[[0;32m  OK  [0m] Mounted FUSE Control File System.
         Starting udev Kernel Device Manager...
[[0;32m  OK  [0m] Started Monitoring of LVM2 mirrors,…sing dmeventd or progress polling.
[[0;32m  OK  [0m] Reached target Local File Systems (Pre).
[[0;32m  OK  [0m] Reached target Local File Systems.
         Starting Set console font and keymap...
         Starting Commit a transient machine-id on disk...
         Starting AppArmor initialization...
         Starting Tell Plymouth To Write Out Runtime Data...
         Starting ebtables ruleset management...
[[0;32m  OK  [0m] Started Flush Journal to Persistent Storage.
         Starting Create Volatile Files and Directories...
[[0;32m  OK  [0m] Started Set console font and keymap.
[[0;32m  OK  [0m] Started Tell Plymouth To Write Out Runtime Data.
[[0;32m  OK  [0m] Started Create Volatile Files and Directories.
         Starting Update UTMP about System Boot/Shutdown...
[[0;32m  OK  [0m] Started Apply Kernel Variables.
[[0;32m  OK  [0m] Started Update UTMP about System Boot/Shutdown.
[[0;32m  OK  [0m] Started Commit a transient machine-id on disk.
[[0;32m  OK  [0m] Started udev Kernel Device Manager.
[[0;32m  OK  [0m] Started Dispatch Password Requests to Console Directory Watch.
[[0;32m  OK  [0m] Reached target Local Encrypted Volumes.
[[0;32m  OK  [0m] Started ebtables ruleset management.
[[0;32m  OK  [0m] Found device /dev/ttyS0.
[[0;32m  OK  [0m] Listening on Load/Save RF Kill Switch Status /dev/rfkill Watch.
[[0;32m  OK  [0m] Started AppArmor initialization.
         Starting Initial cloud-init job (pre-networking)...
[   17.584379] cloud-init[541]: Cloud-init v. 19.4-33-gbb4131a2-0ubuntu1~18.04.1 running 'init-local' at Wed, 17 Jun 2020 14:24:34 +0000. Up 16.92 seconds.
[[0;32m  OK  [0m] Started Initial cloud-init job (pre-networking).
[[0;32m  OK  [0m] Reached target Network (Pre).
         Starting Network Service...
[[0;32m  OK  [0m] Started Network Service.
         Starting Network Name Resolution...
         Starting Wait for Network to be Configured...
[[0;32m  OK  [0m] Started Network Name Resolution.
[[0;32m  OK  [0m] Reached target Network.
[[0;32m  OK  [0m] Reached target Host and Network Name Lookups.
[[0;32m  OK  [0m] Started Wait for Network to be Configured.
         Starting Initial cloud-init job (metadata service crawler)...
[   19.702990] cloud-init[654]: Cloud-init v. 19.4-33-gbb4131a2-0ubuntu1~18.04.1 running 'init' at Wed, 17 Jun 2020 14:24:36 +0000. Up 19.50 seconds.
[   19.707054] cloud-init[654]: ci-info: +++++++++++++++++++++++++++++++++++++Net device info++++++++++++++++++++++++++++++++++++++
[   19.710668] cloud-init[654]: ci-info: +--------+------+---------------------------+---------------+--------+-------------------+
[   19.714228] cloud-init[654]: ci-info: | Device |  Up  |          Address          |      Mask     | Scope  |     Hw-Address    |
[   19.729062] cloud-init[654]: ci-info: +--------+------+---------------------------+---------------+--------+-------------------+
[   19.733888] cloud-init[654]: ci-info: | enp0s3 | True |         10.0.2.15         | 255.255.255.0 | global | 02:63:41:f1:0e:ed |
[   19.738195] cloud-init[654]: ci-info: | enp0s3 | True | fe80::63:41ff:fef1:eed/64 |       .       |  link  | 02:63:41:f1:0e:ed |
[   19.742029] cloud-init[654]: ci-info: |   lo   | True |         127.0.0.1         |   255.0.0.0   |  host  |         .         |
[   19.745489] cloud-init[654]: ci-info: |   lo   | True |          ::1/128          |       .       |  host  |         .         |
[   19.749438] cloud-init[654]: ci-info: +--------+------+---------------------------+---------------+--------+-------------------+
[   19.752864] cloud-init[654]: ci-info: ++++++++++++++++++++++++++++Route IPv4 info+++++++++++++++++++++++++++++
[   19.756102] cloud-init[654]: ci-info: +-------+-------------+----------+-----------------+-----------+-------+
[   19.759576] cloud-init[654]: ci-info: | Route | Destination | Gateway  |     Genmask     | Interface | Flags |
[   19.762477] cloud-init[654]: ci-info: +-------+-------------+----------+-----------------+-----------+-------+
[   19.765957] cloud-init[654]: ci-info: |   0   |   0.0.0.0   | 10.0.2.2 |     0.0.0.0     |   enp0s3  |   UG  |
[   19.769150] cloud-init[654]: ci-info: |   1   |   10.0.2.0  | 0.0.0.0  |  255.255.255.0  |   enp0s3  |   U   |
[   19.772352] cloud-init[654]: ci-info: |   2   |   10.0.2.2  | 0.0.0.0  | 255.255.255.255 |   enp0s3  |   UH  |
[   19.775352] cloud-init[654]: ci-info: +-------+-------------+----------+-----------------+-----------+-------+
[   19.778239] cloud-init[654]: ci-info: +++++++++++++++++++Route IPv6 info+++++++++++++++++++
[   19.780994] cloud-init[654]: ci-info: +-------+-------------+---------+-----------+-------+
[   19.792582] cloud-init[654]: ci-info: | Route | Destination | Gateway | Interface | Flags |
[   19.795576] cloud-init[654]: ci-info: +-------+-------------+---------+-----------+-------+
[   19.799576] cloud-init[654]: ci-info: |   1   |  fe80::/64  |    ::   |   enp0s3  |   U   |
[   19.802382] cloud-init[654]: ci-info: |   3   |    local    |    ::   |   enp0s3  |   U   |
[   19.805021] cloud-init[654]: ci-info: |   4   |   ff00::/8  |    ::   |   enp0s3  |   U   |
[   19.808564] cloud-init[654]: ci-info: +-------+-------------+---------+-----------+-------+
[   21.499051] cloud-init[654]: Generating public/private rsa key pair.
[   21.501635] cloud-init[654]: Your identification has been saved in /etc/ssh/ssh_host_rsa_key.
[   21.505003] cloud-init[654]: Your public key has been saved in /etc/ssh/ssh_host_rsa_key.pub.
[   21.508987] cloud-init[654]: The key fingerprint is:
[   21.510850] cloud-init[654]: SHA256:smoqkyKmmkiHWHwudTaGYe1IgLWYIC6YH/2pP8Fj9cg root@ubuntu-bionic
[   21.513852] cloud-init[654]: The key's randomart image is:
[   21.516250] cloud-init[654]: +---[RSA 2048]----+
[   21.517793] cloud-init[654]: |ooo              |
[   21.519689] cloud-init[654]: |*+ + .           |
[   21.521172] cloud-init[654]: |*.o = .          |
[   21.522732] cloud-init[654]: |.o + * ..        |
[   21.524197] cloud-init[654]: |  + =.XoSo       |
[   21.525834] cloud-init[654]: |...+ ==+E .      |
[   21.527345] cloud-init[654]: |.+..o..o         |
[   21.529461] cloud-init[654]: |Oo...o.          |
[   21.530981] cloud-init[654]: |@o.o. ..         |
[   21.533256] cloud-init[654]: +----[SHA256]-----+
[   21.535501] cloud-init[654]: Generating public/private dsa key pair.
[   21.548714] cloud-init[654]: Your identification has been saved in /etc/ssh/ssh_host_dsa_key.
[   21.551793] cloud-init[654]: Your public key has been saved in /etc/ssh/ssh_host_dsa_key.pub.
[   21.554789] cloud-init[654]: The key fingerprint is:
[   21.556497] cloud-init[654]: SHA256:8LtZI6nKXeC2Qf/1Gw10WjHmOxX+WpZOPRr6ktHXN24 root@ubuntu-bionic
[   21.559750] cloud-init[654]: The key's randomart image is:
[   21.561384] cloud-init[654]: +---[DSA 1024]----+
[   21.563034] cloud-init[654]: |               = |
[   21.564629] cloud-init[654]: |              + +|
[   21.566239] cloud-init[654]: |      .       .o+|
[   21.568415] cloud-init[654]: |       o     . +*|
[   21.570490] cloud-init[654]: |      o S   ..o**|
[   21.572622] cloud-init[654]: |     o o o ...=O=|
[   21.574666] cloud-init[654]: |      + * o.+.=.+|
[   21.576826] cloud-init[654]: |   . o = * =.. E |
[   21.579126] cloud-init[654]: |    o.+ o . ..+. |
[   21.581881] cloud-init[654]: +----[SHA256]-----+
[   21.583892] cloud-init[654]: Generating public/private ecdsa key pair.
[   21.586557] cloud-init[654]: Your identification has been saved in /etc/ssh/ssh_host_ecdsa_key.
[   21.589442] cloud-init[654]: Your public key has been saved in /etc/ssh/ssh_host_ecdsa_key.pub.
[   21.600439] cloud-init[654]: The key fingerprint is:
[   21.602399] cloud-init[654]: SHA256:pEokaWv+u1EAWIa18fkLFjXaboos+N8couzlvMDACoM root@ubuntu-bionic
[   21.606062] cloud-init[654]: The key's randomart image is:
[   21.608892] cloud-init[654]: +---[ECDSA 256]---+
[   21.610838] cloud-init[654]: | =*   o          |
[   21.614155] cloud-init[654]: |o. * = .         |
[   21.617189] cloud-init[654]: |  = B . .        |
[   21.618951] cloud-init[654]: |o. + = o         |
[   21.621068] cloud-init[654]: |E.o + * S        |
[   21.625023] cloud-init[654]: |+B + * .         |
[   21.627408] cloud-init[654]: |+ * * o          |
[   21.630218] cloud-init[654]: | + B = .         |
[   21.632129] cloud-init[654]: | .=.O+o          |
[   21.636146] cloud-init[654]: +----[SHA256]-----+
[   21.638734] cloud-init[654]: Generating public/private ed25519 key pair.
[   21.641980] cloud-init[654]: Your identification has been saved in /etc/ssh/ssh_host_ed25519_key.
[   21.648488] cloud-init[654]: Your public key has been saved in /etc/ssh/ssh_host_ed25519_key.pub.
[   21.654149] cloud-init[654]: The key fingerprint is:
[   21.668826] cloud-init[654]: SHA256:UwksMrln4JDi6c8YO4r57+tL63VNgo/nsCih2BakzmE root@ubuntu-bionic
[   21.681882] cloud-init[654]: The key's randomart image is:
[   21.689621] cloud-init[654]: +--[ED25519 256]--+
[   21.696488] cloud-init[654]: |   . . ..        |
[   21.703082] cloud-init[654]: |. o = . .. .     |
[   21.708530] cloud-init[654]: |...o = .  o      |
[   21.715398] cloud-init[654]: | o. o o. .       |
[   21.722175] cloud-init[654]: |.o   o. S .      |
[   21.731135] cloud-init[654]: |.Eo    o =       |
[   21.738174] cloud-init[654]: |=oBo. + + .      |
[   21.745660] cloud-init[654]: |+B++ + *         |
[   21.755376] cloud-init[654]: |=oo*Xo. .        |
[   21.764819] cloud-init[654]: +----[SHA256]-----+
[[0;32m  OK  [0m] Started Initial cloud-init job (metadata service crawler).
[[0;32m  OK  [0m] Reached target Network is Online.
[[0;32m  OK  [0m] Reached target Remote File Systems (Pre).
[[0;32m  OK  [0m] Reached target Remote File Systems.
         Starting Availability of block devices...
[[0;32m  OK  [0m] Reached target Cloud-config availability.
[[0;32m  OK  [0m] Reached target System Initialization.
[[0;32m  OK  [0m] Started Daily apt download activities.
         Starting Socket activation for snappy daemon.
[[0;32m  OK  [0m] Listening on ACPID Listen Socket.
[[0;32m  OK  [0m] Started ACPI Events Check.
[[0;32m  OK  [0m] Listening on Open-iSCSI iscsid Socket.
[[0;32m  OK  [0m] Started Daily Cleanup of Temporary Directories.
[[0;32m  OK  [0m] Listening on UUID daemon activation socket.
[[0;32m  OK  [0m] Reached target Paths.
[[0;32m  OK  [0m] Started Daily apt upgrade and clean activities.
[[0;32m  OK  [0m] Started Message of the Day.
         Starting LXD - unix socket.
[[0;32m  OK  [0m] Started Discard unused blocks once a week.
[[0;32m  OK  [0m] Reached target Timers.
[[0;32m  OK  [0m] Listening on D-Bus System Message Bus Socket.
[[0;32m  OK  [0m] Started Availability of block devices.
[[0;32m  OK  [0m] Listening on Socket activation for snappy daemon.
[[0;32m  OK  [0m] Listening on LXD - unix socket.
[[0;32m  OK  [0m] Reached target Sockets.
[[0;32m  OK  [0m] Reached target Basic System.
         Starting Dispatcher daemon for systemd-networkd...
         Starting LSB: Record successful boot for GRUB...
         Starting Accounts Service...
         Starting System Logging Service...
         Starting Login Service...
[[0;32m  OK  [0m] Started Deferred execution scheduler.
[[0;32m  OK  [0m] Started Regular background program processing daemon.
[[0;32m  OK  [0m] Started D-Bus System Message Bus.
         Starting LSB: automatic crash report generation...
         Starting LXD - container startup/shutdown...
         Starting Virtualbox guest utils...
         Starting Snappy daemon...
         Starting Permit User Sessions...
[[0;32m  OK  [0m] Started FUSE filesystem for LXC.
[[0;32m  OK  [0m] Started irqbalance daemon.
         Starting Pollinate to seed the pseudo random number generator...
[[0;32m  OK  [0m] Started System Logging Service.
[[0;32m  OK  [0m] Started Permit User Sessions.
[[0;32m  OK  [0m] Started Login Service.
         Starting Authorization Manager...
[[0;32m  OK  [0m] Started Unattended Upgrades Shutdown.
         Starting Terminate Plymouth Boot Screen...
         Starting Hold until boot process finishes up...
[[0;32m  OK  [0m] Started Terminate Plymouth Boot Screen.
[[0;32m  OK  [0m] Started Hold until boot process finishes up.
[[0;32m  OK  [0m] Started Serial Getty on ttyS0.
         Starting Set console scheme...
[[0;32m  OK  [0m] Started Set console scheme.
[[0;32m  OK  [0m] Created slice system-getty.slice.
[[0;32m  OK  [0m] Started Getty on tty1.
[[0;32m  OK  [0m] Reached target Login Prompts.
[[0;32m  OK  [0m] Started LSB: Record successful boot for GRUB.
[[0;32m  OK  [0m] Started LSB: automatic crash report generation.
[[0;32m  OK  [0m] Started Authorization Manager.
[[0;32m  OK  [0m] Started Accounts Service.
[[0;32m  OK  [0m] Started Virtualbox guest utils.
[[0;32m  OK  [0m] Started LXD - container startup/shutdown.
[[0;32m  OK  [0m] Started Dispatcher daemon for systemd-networkd.
[[0;32m  OK  [0m] Started Snappy daemon.
         Starting Wait until snapd is fully seeded...
[[0;32m  OK  [0m] Started Pollinate to seed the pseudo random number generator.
         Starting OpenBSD Secure Shell server...
[[0;32m  OK  [0m] Started OpenBSD Secure Shell server.
[[0;32m  OK  [0m] Created slice User Slice of vagrant.
         Starting User Manager for UID 1000...
[[0;32m  OK  [0m] Started Session 1 of user vagrant.
[[0;32m  OK  [0m] Started User Manager for UID 1000.
[[0;32m  OK  [0m] Started Wait until snapd is fully seeded.
[[0;32m  OK  [0m] Reached target Multi-User System.
[[0;32m  OK  [0m] Reached target Graphical Interface.
         Starting Update UTMP about System Runlevel Changes...
         Starting Apply the settings specified in cloud-config...
[[0;32m  OK  [0m] Started Update UTMP about System Runlevel Changes.
[   28.266730] cloud-init[1236]: Cloud-init v. 19.4-33-gbb4131a2-0ubuntu1~18.04.1 running 'modules:config' at Wed, 17 Jun 2020 14:24:44 +0000. Up 27.14 seconds.

Ubuntu 18.04.4 LTS ubuntu-bionic ttyS0

ubuntu-bionic login: ci-info: no authorized SSH keys fingerprints found for user ubuntu.
<14>Jun 17 14:24:46 ec2: 
<14>Jun 17 14:24:46 ec2: #############################################################
<14>Jun 17 14:24:46 ec2: -----BEGIN SSH HOST KEY FINGERPRINTS-----
<14>Jun 17 14:24:46 ec2: 1024 SHA256:8LtZI6nKXeC2Qf/1Gw10WjHmOxX+WpZOPRr6ktHXN24 root@ubuntu-bionic (DSA)
<14>Jun 17 14:24:46 ec2: 256 SHA256:pEokaWv+u1EAWIa18fkLFjXaboos+N8couzlvMDACoM root@ubuntu-bionic (ECDSA)
<14>Jun 17 14:24:46 ec2: 256 SHA256:UwksMrln4JDi6c8YO4r57+tL63VNgo/nsCih2BakzmE root@ubuntu-bionic (ED25519)
<14>Jun 17 14:24:46 ec2: 2048 SHA256:smoqkyKmmkiHWHwudTaGYe1IgLWYIC6YH/2pP8Fj9cg root@ubuntu-bionic (RSA)
<14>Jun 17 14:24:46 ec2: -----END SSH HOST KEY FINGERPRINTS-----
<14>Jun 17 14:24:46 ec2: #############################################################
-----BEGIN SSH HOST KEY KEYS-----
ecdsa-sha2-nistp256 AAAAE2VjZHNhLXNoYTItbmlzdHAyNTYAAAAIbmlzdHAyNTYAAABBBMHaNgRNyRvGiMxYJZLK+nIjvof4VigNqwFsBLLkYJjYTdgvKOkOAqxUhwbSQbPy7V9XKC1eEk0FKWf4aJSIukc= root@ubuntu-bionic
ssh-ed25519 AAAAC3NzaC1lZDI1NTE5AAAAIH0aDF++x1wIY+wXYBprkXFGVgx16WiirhxzI/Meg0B4 root@ubuntu-bionic
ssh-rsa AAAAB3NzaC1yc2EAAAADAQABAAABAQDpc74RvR2NytC+mi9E+2MMGdZqAcvnnEtznp/UtZtd/RbjpZCiEwemoaoOFhqs3qd9si/vLTGa+uCsdeeoqHITUtfryESgY10HqD7LoqK8yPPnaUxd9xg6hi7xlGVPGdIHPbwrmOHfyaR6+i1cMGNw3LPzwFqRd++1a081nzdMUiDoSJx4ue45Fwja5IxM5udh13HJwSdYY2dzFGavAWw0wMs/Darj5ED32yxlkYaaosCFOOumcf1+w0NWSpouXf/kk/mGmq4RT7mIrLQWw0Y14MBHjTHNk3sDHlSKFAxz2aKm5bUpa17MtHZu5em/k7P8sNZpEhXp0sm9IY9sCPwL root@ubuntu-bionic
-----END SSH HOST KEY KEYS-----
[   29.441277] cloud-init[1326]: Cloud-init v. 19.4-33-gbb4131a2-0ubuntu1~18.04.1 running 'modules:final' at Wed, 17 Jun 2020 14:24:46 +0000. Up 29.12 seconds.
[   29.448480] cloud-init[1326]: ci-info: no authorized SSH keys fingerprints found for user ubuntu.
[   29.449061] cloud-init[1326]: Cloud-init v. 19.4-33-gbb4131a2-0ubuntu1~18.04.1 finished at Wed, 17 Jun 2020 14:24:46 +0000. Datasource DataSourceNoCloud [seed=/dev/sdb][dsmode=net].  Up 29.42 seconds
